2024-04-24 10:01:03,748 - main - INFO - Se inicializˇ la automatizaciˇn.....
2024-04-24 10:01:03,748 - main - INFO - Obteniendo los vin
2024-04-24 10:01:03,780 - main - INFO - Procesando el VIM numero: 9BWAB45U0DT073462
2024-04-24 10:01:03,780 - main - INFO - Config del navegador de firefox
2024-04-24 10:01:19,027 - main - INFO - Tomando caputure del captcha
2024-04-24 10:01:19,034 - main - INFO - Resolviendo el captcha
2024-04-24 10:01:26,133 - main - ERROR - Error al cargar la imagen en el input
2024-04-24 10:01:46,376 - main - ERROR - Error al oprimir click en bootn de extraer el texto en la web
2024-04-24 10:02:16,804 - main - ERROR - Error al copiar el resultado
2024-04-24 10:02:19,913 - main - ERROR - Error al pegar el texto del captcha en el campo de entrada en la funciˇn navegar runt
2024-04-24 10:02:33,885 - main - INFO - Tomando caputure del captcha
2024-04-24 10:02:36,909 - main - INFO - Resolviendo el captcha
2024-04-24 10:02:42,510 - main - ERROR - Error al cargar la imagen en el input
2024-04-24 10:03:02,653 - main - ERROR - Error al oprimir click en bootn de extraer el texto en la web
2024-04-24 10:03:33,006 - main - ERROR - Error al copiar el resultado
2024-04-24 10:03:36,112 - main - ERROR - Error al pegar el texto del captcha en el campo de entrada en la funciˇn navegar runt
2024-04-24 10:03:50,058 - main - INFO - Tomando caputure del captcha
2024-04-24 10:03:53,077 - main - INFO - Resolviendo el captcha
2024-04-24 10:03:58,655 - main - ERROR - Error al cargar la imagen en el input
2024-04-24 10:04:18,826 - main - ERROR - Error al oprimir click en bootn de extraer el texto en la web
2024-04-24 10:04:49,327 - main - ERROR - Error al copiar el resultado
2024-04-24 10:04:52,512 - main - ERROR - Error al pegar el texto del captcha en el campo de entrada en la funciˇn navegar runt
2024-04-24 10:05:06,617 - main - INFO - Tomando caputure del captcha
2024-04-24 10:05:09,635 - main - INFO - Resolviendo el captcha
2024-04-24 10:05:15,668 - main - ERROR - Error al cargar la imagen en el input
2024-04-24 10:05:35,996 - main - ERROR - Error al oprimir click en bootn de extraer el texto en la web
2024-04-24 10:06:06,339 - main - ERROR - Error al copiar el resultado
2024-04-24 10:06:09,457 - main - ERROR - Error al pegar el texto del captcha en el campo de entrada en la funciˇn navegar runt
2024-04-24 10:06:23,458 - main - INFO - Tomando caputure del captcha
2024-04-24 10:06:26,475 - main - INFO - Resolviendo el captcha
2024-04-24 10:06:32,106 - main - ERROR - Error al cargar la imagen en el input
2024-04-24 10:06:52,309 - main - ERROR - Error al oprimir click en bootn de extraer el texto en la web
2024-04-24 10:07:22,700 - main - ERROR - Error al copiar el resultado
2024-04-24 10:07:25,829 - main - ERROR - Error al pegar el texto del captcha en el campo de entrada en la funciˇn navegar runt
2024-04-24 10:07:39,778 - main - INFO - Tomando caputure del captcha
2024-04-24 10:07:42,796 - main - INFO - Resolviendo el captcha
2024-04-24 10:07:48,900 - main - ERROR - Error al cargar la imagen en el input
2024-04-24 10:08:09,039 - main - ERROR - Error al oprimir click en bootn de extraer el texto en la web
2024-04-24 10:08:39,383 - main - ERROR - Error al copiar el resultado
2024-04-24 10:08:42,571 - main - ERROR - Error al pegar el texto del captcha en el campo de entrada en la funciˇn navegar runt
2024-04-24 10:08:56,534 - main - INFO - Tomando caputure del captcha
2024-04-24 10:08:59,550 - main - INFO - Resolviendo el captcha
2024-04-24 10:09:05,853 - main - ERROR - Error al cargar la imagen en el input
2024-04-24 10:09:26,008 - main - ERROR - Error al oprimir click en bootn de extraer el texto en la web
2024-04-24 10:09:56,312 - main - ERROR - Error al copiar el resultado
2024-04-24 10:09:59,420 - main - ERROR - Error al pegar el texto del captcha en el campo de entrada en la funciˇn navegar runt
2024-04-24 10:10:13,375 - main - INFO - Tomando caputure del captcha
2024-04-24 10:10:16,402 - main - INFO - Resolviendo el captcha
2024-04-24 10:10:21,992 - main - ERROR - Error al cargar la imagen en el input
2024-04-24 10:10:42,181 - main - ERROR - Error al oprimir click en bootn de extraer el texto en la web
2024-04-24 10:11:12,589 - main - ERROR - Error al copiar el resultado
2024-04-24 10:11:15,760 - main - ERROR - Error al pegar el texto del captcha en el campo de entrada en la funciˇn navegar runt
2024-04-24 10:11:29,787 - main - INFO - Tomando caputure del captcha
2024-04-24 10:11:32,809 - main - INFO - Resolviendo el captcha
2024-04-24 10:11:38,440 - main - ERROR - Error al cargar la imagen en el input
2024-04-24 10:11:58,685 - main - ERROR - Error al oprimir click en bootn de extraer el texto en la web
2024-04-24 10:12:29,015 - main - ERROR - Error al copiar el resultado
2024-04-24 10:12:32,333 - main - ERROR - Error al pegar el texto del captcha en el campo de entrada en la funciˇn navegar runt
2024-04-24 10:12:46,291 - main - INFO - Tomando caputure del captcha
2024-04-24 10:12:49,314 - main - INFO - Resolviendo el captcha
2024-04-24 10:12:55,019 - main - ERROR - Error al cargar la imagen en el input
2024-04-24 10:13:15,151 - main - ERROR - Error al oprimir click en bootn de extraer el texto en la web
2024-04-24 10:13:45,489 - main - ERROR - Error al copiar el resultado
2024-04-24 10:13:48,620 - main - ERROR - Error al pegar el texto del captcha en el campo de entrada en la funciˇn navegar runt
2024-04-24 10:14:02,605 - main - INFO - Tomando caputure del captcha
2024-04-24 10:14:05,626 - main - INFO - Resolviendo el captcha
2024-04-24 10:14:11,235 - main - ERROR - Error al cargar la imagen en el input
2024-04-24 10:14:31,361 - main - ERROR - Error al oprimir click en bootn de extraer el texto en la web
2024-04-24 10:15:01,697 - main - ERROR - Error al copiar el resultado
2024-04-24 10:15:04,832 - main - ERROR - Error al pegar el texto del captcha en el campo de entrada en la funciˇn navegar runt
2024-04-24 10:15:18,843 - main - INFO - Tomando caputure del captcha
2024-04-24 10:15:21,871 - main - INFO - Resolviendo el captcha
2024-04-24 10:15:27,562 - main - ERROR - Error al cargar la imagen en el input
2024-04-24 10:15:47,706 - main - ERROR - Error al oprimir click en bootn de extraer el texto en la web
2024-04-24 10:16:18,120 - main - ERROR - Error al copiar el resultado
2024-04-24 10:16:22,797 - main - ERROR - Error al pegar el texto del captcha en el campo de entrada en la funciˇn navegar runt
2024-04-24 10:16:36,843 - main - INFO - Tomando caputure del captcha
2024-04-24 10:16:39,865 - main - INFO - Resolviendo el captcha
2024-04-24 10:16:45,632 - main - ERROR - Error al cargar la imagen en el input
2024-04-24 10:17:05,876 - main - ERROR - Error al oprimir click en bootn de extraer el texto en la web
2024-04-24 10:17:35,966 - main - ERROR - Error al copiar el resultado
2024-04-24 10:17:40,516 - main - ERROR - Error al pegar el texto del captcha en el campo de entrada en la funciˇn navegar runt
2024-04-24 10:17:54,631 - main - INFO - Tomando caputure del captcha
2024-04-24 10:17:57,653 - main - INFO - Resolviendo el captcha
2024-04-24 10:18:03,453 - main - ERROR - Error al cargar la imagen en el input
2024-04-24 10:18:23,895 - main - ERROR - Error al oprimir click en bootn de extraer el texto en la web
2024-04-24 10:18:54,327 - main - ERROR - Error al copiar el resultado
2024-04-24 10:18:57,533 - main - ERROR - Error al pegar el texto del captcha en el campo de entrada en la funciˇn navegar runt
2024-04-24 10:19:11,598 - main - INFO - Tomando caputure del captcha
2024-04-24 10:19:14,621 - main - INFO - Resolviendo el captcha
2024-04-24 10:19:20,210 - main - ERROR - Error al cargar la imagen en el input
2024-04-24 10:19:40,348 - main - ERROR - Error al oprimir click en bootn de extraer el texto en la web
2024-04-24 10:20:10,703 - main - ERROR - Error al copiar el resultado
2024-04-24 10:20:13,846 - main - ERROR - Error al pegar el texto del captcha en el campo de entrada en la funciˇn navegar runt
2024-04-24 10:20:27,831 - main - INFO - Tomando caputure del captcha
2024-04-24 10:20:30,857 - main - INFO - Resolviendo el captcha
2024-04-24 10:20:36,465 - main - ERROR - Error al cargar la imagen en el input
2024-04-24 10:20:56,662 - main - ERROR - Error al oprimir click en bootn de extraer el texto en la web
2024-04-24 10:21:26,983 - main - ERROR - Error al copiar el resultado
2024-04-24 10:21:30,108 - main - ERROR - Error al pegar el texto del captcha en el campo de entrada en la funciˇn navegar runt
2024-04-24 10:21:44,073 - main - INFO - Tomando caputure del captcha
2024-04-24 10:21:47,106 - main - INFO - Resolviendo el captcha
2024-04-24 10:21:52,735 - main - ERROR - Error al cargar la imagen en el input
2024-04-24 10:22:12,969 - main - ERROR - Error al oprimir click en bootn de extraer el texto en la web
2024-04-24 10:22:43,313 - main - ERROR - Error al copiar el resultado
2024-04-24 10:22:46,439 - main - ERROR - Error al pegar el texto del captcha en el campo de entrada en la funciˇn navegar runt
2024-04-24 10:23:00,408 - main - INFO - Tomando caputure del captcha
2024-04-24 10:23:03,438 - main - INFO - Resolviendo el captcha
2024-04-24 10:23:09,033 - main - ERROR - Error al cargar la imagen en el input
2024-04-24 10:23:29,217 - main - ERROR - Error al oprimir click en bootn de extraer el texto en la web
2024-04-24 10:23:59,540 - main - ERROR - Error al copiar el resultado
2024-04-24 10:24:02,652 - main - ERROR - Error al pegar el texto del captcha en el campo de entrada en la funciˇn navegar runt
2024-04-24 10:24:16,602 - main - INFO - Tomando caputure del captcha
2024-04-24 10:24:19,619 - main - INFO - Resolviendo el captcha
2024-04-24 10:24:25,218 - main - ERROR - Error al cargar la imagen en el input
2024-04-24 10:24:45,473 - main - ERROR - Error al oprimir click en bootn de extraer el texto en la web
2024-04-24 10:25:15,866 - main - ERROR - Error al copiar el resultado
2024-04-24 10:25:19,100 - main - ERROR - Error al pegar el texto del captcha en el campo de entrada en la funciˇn navegar runt
2024-04-24 10:25:33,170 - main - INFO - Tomando caputure del captcha
2024-04-24 10:25:36,187 - main - INFO - Resolviendo el captcha
2024-04-24 10:25:41,800 - main - ERROR - Error al cargar la imagen en el input
2024-04-24 10:26:01,980 - main - ERROR - Error al oprimir click en bootn de extraer el texto en la web
2024-04-24 10:26:32,307 - main - ERROR - Error al copiar el resultado
2024-04-24 10:26:35,475 - main - ERROR - Error al pegar el texto del captcha en el campo de entrada en la funciˇn navegar runt
2024-04-24 10:26:49,454 - main - INFO - Tomando caputure del captcha
2024-04-24 10:26:52,475 - main - INFO - Resolviendo el captcha
2024-04-24 10:26:58,100 - main - ERROR - Error al cargar la imagen en el input
2024-04-24 10:27:18,307 - main - ERROR - Error al oprimir click en bootn de extraer el texto en la web
2024-04-24 10:27:48,669 - main - ERROR - Error al copiar el resultado
2024-04-24 10:27:51,930 - main - ERROR - Error al pegar el texto del captcha en el campo de entrada en la funciˇn navegar runt
2024-04-24 10:28:05,988 - main - INFO - Tomando caputure del captcha
2024-04-24 10:28:09,014 - main - INFO - Resolviendo el captcha
2024-04-24 10:28:14,695 - main - ERROR - Error al cargar la imagen en el input
2024-04-24 10:28:34,990 - main - ERROR - Error al oprimir click en bootn de extraer el texto en la web
2024-04-24 10:29:05,343 - main - ERROR - Error al copiar el resultado
2024-04-24 10:29:08,471 - main - ERROR - Error al pegar el texto del captcha en el campo de entrada en la funciˇn navegar runt
2024-04-24 10:29:22,455 - main - INFO - Tomando caputure del captcha
2024-04-24 10:29:25,474 - main - INFO - Resolviendo el captcha
2024-04-24 10:29:31,100 - main - ERROR - Error al cargar la imagen en el input
2024-04-24 10:29:51,318 - main - ERROR - Error al oprimir click en bootn de extraer el texto en la web
2024-04-24 10:30:21,680 - main - ERROR - Error al copiar el resultado
2024-04-24 10:30:24,881 - main - ERROR - Error al pegar el texto del captcha en el campo de entrada en la funciˇn navegar runt
2024-04-24 10:30:38,913 - main - INFO - Tomando caputure del captcha
2024-04-24 10:30:41,936 - main - INFO - Resolviendo el captcha
2024-04-24 10:30:47,549 - main - ERROR - Error al cargar la imagen en el input
2024-04-24 10:31:07,716 - main - ERROR - Error al oprimir click en bootn de extraer el texto en la web
2024-04-24 10:31:38,097 - main - ERROR - Error al copiar el resultado
2024-04-24 10:31:41,244 - main - ERROR - Error al pegar el texto del captcha en el campo de entrada en la funciˇn navegar runt
2024-04-24 10:31:55,230 - main - INFO - Tomando caputure del captcha
2024-04-24 10:31:58,248 - main - INFO - Resolviendo el captcha
2024-04-24 10:32:03,847 - main - ERROR - Error al cargar la imagen en el input
2024-04-24 10:32:23,986 - main - ERROR - Error al oprimir click en bootn de extraer el texto en la web
2024-04-24 10:32:54,342 - main - ERROR - Error al copiar el resultado
2024-04-24 10:32:57,496 - main - ERROR - Error al pegar el texto del captcha en el campo de entrada en la funciˇn navegar runt
2024-04-24 10:33:11,495 - main - INFO - Tomando caputure del captcha
2024-04-24 10:33:14,514 - main - INFO - Resolviendo el captcha
2024-04-24 10:33:20,095 - main - ERROR - Error al cargar la imagen en el input
2024-04-24 10:33:40,256 - main - ERROR - Error al oprimir click en bootn de extraer el texto en la web
2024-04-24 10:34:10,574 - main - ERROR - Error al copiar el resultado
2024-04-24 10:34:13,676 - main - ERROR - Error al pegar el texto del captcha en el campo de entrada en la funciˇn navegar runt
2024-04-24 10:34:27,620 - main - INFO - Tomando caputure del captcha
2024-04-24 10:34:30,651 - main - INFO - Resolviendo el captcha
2024-04-24 10:34:36,244 - main - ERROR - Error al cargar la imagen en el input
2024-04-24 10:34:56,427 - main - ERROR - Error al oprimir click en bootn de extraer el texto en la web
2024-04-24 10:35:26,754 - main - ERROR - Error al copiar el resultado
2024-04-24 10:35:29,863 - main - ERROR - Error al pegar el texto del captcha en el campo de entrada en la funciˇn navegar runt
2024-04-24 10:35:43,813 - main - INFO - Tomando caputure del captcha
2024-04-24 10:35:46,841 - main - INFO - Resolviendo el captcha
2024-04-24 10:35:52,428 - main - ERROR - Error al cargar la imagen en el input
2024-04-24 10:36:12,575 - main - ERROR - Error al oprimir click en bootn de extraer el texto en la web
2024-04-24 10:36:42,921 - main - ERROR - Error al copiar el resultado
2024-04-24 10:36:46,057 - main - ERROR - Error al pegar el texto del captcha en el campo de entrada en la funciˇn navegar runt
2024-04-24 10:36:59,968 - main - INFO - Tomando caputure del captcha
2024-04-24 10:37:02,987 - main - INFO - Resolviendo el captcha
2024-04-24 10:37:08,582 - main - ERROR - Error al cargar la imagen en el input
2024-04-24 10:37:28,745 - main - ERROR - Error al oprimir click en bootn de extraer el texto en la web
2024-04-24 10:37:59,114 - main - ERROR - Error al copiar el resultado
2024-04-24 10:38:02,229 - main - ERROR - Error al pegar el texto del captcha en el campo de entrada en la funciˇn navegar runt
2024-04-24 10:38:16,199 - main - INFO - Tomando caputure del captcha
2024-04-24 10:38:19,216 - main - INFO - Resolviendo el captcha
2024-04-24 10:38:24,781 - main - ERROR - Error al cargar la imagen en el input
2024-04-24 10:38:44,949 - main - ERROR - Error al oprimir click en bootn de extraer el texto en la web
2024-04-24 10:39:15,270 - main - ERROR - Error al copiar el resultado
2024-04-24 10:39:18,463 - main - ERROR - Error al pegar el texto del captcha en el campo de entrada en la funciˇn navegar runt
2024-04-24 10:39:32,431 - main - INFO - Tomando caputure del captcha
2024-04-24 10:39:35,450 - main - INFO - Resolviendo el captcha
2024-04-24 10:39:41,043 - main - ERROR - Error al cargar la imagen en el input
2024-04-24 10:40:01,321 - main - ERROR - Error al oprimir click en bootn de extraer el texto en la web
2024-04-24 10:40:31,669 - main - ERROR - Error al copiar el resultado
2024-04-24 10:40:34,823 - main - ERROR - Error al pegar el texto del captcha en el campo de entrada en la funciˇn navegar runt
2024-04-24 10:40:48,759 - main - INFO - Tomando caputure del captcha
2024-04-24 10:40:51,778 - main - INFO - Resolviendo el captcha
2024-04-24 10:40:57,419 - main - ERROR - Error al cargar la imagen en el input
2024-04-24 10:41:17,642 - main - ERROR - Error al oprimir click en bootn de extraer el texto en la web
2024-04-24 10:41:48,096 - main - ERROR - Error al copiar el resultado
2024-04-24 10:41:51,388 - main - ERROR - Error al pegar el texto del captcha en el campo de entrada en la funciˇn navegar runt
2024-04-24 10:42:05,354 - main - INFO - Tomando caputure del captcha
2024-04-24 10:42:08,383 - main - INFO - Resolviendo el captcha
2024-04-24 10:42:14,617 - main - ERROR - Error al cargar la imagen en el input
